have_func: checking for iconv_open() in iconv.h... -------------------- no

"gcc -o conftest.exe -IC:/Users/xmr/Desktop/railsinstaller-windows/stage/Ruby2.1.0/include/ruby-2.1.0/i386-mingw32 -IC:/Users/xmr/Desktop/railsinstaller-windows/stage/Ruby2.1.0/include/ruby-2.1.0/ruby/backward -IC:/Users/xmr/Desktop/railsinstaller-windows/stage/Ruby2.1.0/include/ruby-2.1.0 -I. -IC:/Users/xmr/Desktop/railsinstaller-windows/stage/DevKit/include -IC:/Users/xmr/Desktop/railsinstaller-windows/stage/DevKit/mingw/include -IC:/RailsInstaller/Ruby2.1.0/include -IC:/Users/xmr/Desktop/railsinstaller-windows/stage/Ruby2.1.0/include -DFD_SETSIZE=2048 -D_WIN32_WINNT=0x0501 -D__MINGW_USE_VC2005_COMPAT -D_FILE_OFFSET_BITS=64   -O3 -fno-omit-frame-pointer -fno-fast-math -g -Wall -Wextra -Wno-unused-parameter -Wno-parentheses -Wno-long-long -Wno-missing-field-initializers -Wunused-variable -Wpointer-arith -Wwrite-strings -Wdeclaration-after-statement -Wimplicit-function-declaration  conftest.c  -L. -LC:/Users/xmr/Desktop/railsinstaller-windows/stage/Ruby2.1.0/lib -LC:/Users/xmr/Desktop/railsinstaller-windows/stage/DevKit/lib -LC:/Users/xmr/Desktop/railsinstaller-windows/stage/DevKit/mingw/lib -LC:/RailsInstaller/Ruby2.1.0/lib -LC:/Users/xmr/Desktop/railsinstaller-windows/stage/Ruby2.1.0/lib -L.       -lmsvcrt-ruby210  -lshell32 -lws2_32 -liphlpapi -limagehlp -lshlwapi   "
checked program was:
/* begin */
1: #include "ruby.h"
2: 
3: #include <winsock2.h>
4: #include <windows.h>
5: int main(int argc, char **argv)
6: {
7:   return 0;
8: }
/* end */

"gcc -o conftest.exe -IC:/Users/xmr/Desktop/railsinstaller-windows/stage/Ruby2.1.0/include/ruby-2.1.0/i386-mingw32 -IC:/Users/xmr/Desktop/railsinstaller-windows/stage/Ruby2.1.0/include/ruby-2.1.0/ruby/backward -IC:/Users/xmr/Desktop/railsinstaller-windows/stage/Ruby2.1.0/include/ruby-2.1.0 -I. -IC:/Users/xmr/Desktop/railsinstaller-windows/stage/DevKit/include -IC:/Users/xmr/Desktop/railsinstaller-windows/stage/DevKit/mingw/include -IC:/RailsInstaller/Ruby2.1.0/include -IC:/Users/xmr/Desktop/railsinstaller-windows/stage/Ruby2.1.0/include -DFD_SETSIZE=2048 -D_WIN32_WINNT=0x0501 -D__MINGW_USE_VC2005_COMPAT -D_FILE_OFFSET_BITS=64   -O3 -fno-omit-frame-pointer -fno-fast-math -g -Wall -Wextra -Wno-unused-parameter -Wno-parentheses -Wno-long-long -Wno-missing-field-initializers -Wunused-variable -Wpointer-arith -Wwrite-strings -Wdeclaration-after-statement -Wimplicit-function-declaration  conftest.c  -L. -LC:/Users/xmr/Desktop/railsinstaller-windows/stage/Ruby2.1.0/lib -LC:/Users/xmr/Desktop/railsinstaller-windows/stage/DevKit/lib -LC:/Users/xmr/Desktop/railsinstaller-windows/stage/DevKit/mingw/lib -LC:/RailsInstaller/Ruby2.1.0/lib -LC:/Users/xmr/Desktop/railsinstaller-windows/stage/Ruby2.1.0/lib -L.       -lmsvcrt-ruby210  -lshell32 -lws2_32 -liphlpapi -limagehlp -lshlwapi   "
conftest.c:5:19: fatal error: iconv.h: No such file or directory
compilation terminated.
checked program was:
/* begin */
 1: #include "ruby.h"
 2: 
 3: #include <winsock2.h>
 4: #include <windows.h>
 5: #include <iconv.h>
 6: 
 7: /*top*/
 8: extern int t(void);
 9: int main(int argc, char **argv)
10: {
11:   if (argc > 1000000) {
12:     printf("%p", &t);
13:   }
14: 
15:   return 0;
16: }
17: int t(void) { void ((*volatile p)()); p = (void ((*)()))iconv_open; return 0; }
/* end */

"gcc -o conftest.exe -IC:/Users/xmr/Desktop/railsinstaller-windows/stage/Ruby2.1.0/include/ruby-2.1.0/i386-mingw32 -IC:/Users/xmr/Desktop/railsinstaller-windows/stage/Ruby2.1.0/include/ruby-2.1.0/ruby/backward -IC:/Users/xmr/Desktop/railsinstaller-windows/stage/Ruby2.1.0/include/ruby-2.1.0 -I. -IC:/Users/xmr/Desktop/railsinstaller-windows/stage/DevKit/include -IC:/Users/xmr/Desktop/railsinstaller-windows/stage/DevKit/mingw/include -IC:/RailsInstaller/Ruby2.1.0/include -IC:/Users/xmr/Desktop/railsinstaller-windows/stage/Ruby2.1.0/include -DFD_SETSIZE=2048 -D_WIN32_WINNT=0x0501 -D__MINGW_USE_VC2005_COMPAT -D_FILE_OFFSET_BITS=64   -O3 -fno-omit-frame-pointer -fno-fast-math -g -Wall -Wextra -Wno-unused-parameter -Wno-parentheses -Wno-long-long -Wno-missing-field-initializers -Wunused-variable -Wpointer-arith -Wwrite-strings -Wdeclaration-after-statement -Wimplicit-function-declaration  conftest.c  -L. -LC:/Users/xmr/Desktop/railsinstaller-windows/stage/Ruby2.1.0/lib -LC:/Users/xmr/Desktop/railsinstaller-windows/stage/DevKit/lib -LC:/Users/xmr/Desktop/railsinstaller-windows/stage/DevKit/mingw/lib -LC:/RailsInstaller/Ruby2.1.0/lib -LC:/Users/xmr/Desktop/railsinstaller-windows/stage/Ruby2.1.0/lib -L.       -lmsvcrt-ruby210  -lshell32 -lws2_32 -liphlpapi -limagehlp -lshlwapi   "
conftest.c:5:19: fatal error: iconv.h: No such file or directory
compilation terminated.
checked program was:
/* begin */
 1: #include "ruby.h"
 2: 
 3: #include <winsock2.h>
 4: #include <windows.h>
 5: #include <iconv.h>
 6: 
 7: /*top*/
 8: extern int t(void);
 9: int main(int argc, char **argv)
10: {
11:   if (argc > 1000000) {
12:     printf("%p", &t);
13:   }
14: 
15:   return 0;
16: }
17: int t(void) { iconv_open(); return 0; }
/* end */

--------------------

have_library: checking for iconv_open() in -liconv... -------------------- no

"gcc -o conftest.exe -IC:/Users/xmr/Desktop/railsinstaller-windows/stage/Ruby2.1.0/include/ruby-2.1.0/i386-mingw32 -IC:/Users/xmr/Desktop/railsinstaller-windows/stage/Ruby2.1.0/include/ruby-2.1.0/ruby/backward -IC:/Users/xmr/Desktop/railsinstaller-windows/stage/Ruby2.1.0/include/ruby-2.1.0 -I. -IC:/Users/xmr/Desktop/railsinstaller-windows/stage/DevKit/include -IC:/Users/xmr/Desktop/railsinstaller-windows/stage/DevKit/mingw/include -IC:/RailsInstaller/Ruby2.1.0/include -IC:/Users/xmr/Desktop/railsinstaller-windows/stage/Ruby2.1.0/include -DFD_SETSIZE=2048 -D_WIN32_WINNT=0x0501 -D__MINGW_USE_VC2005_COMPAT -D_FILE_OFFSET_BITS=64   -O3 -fno-omit-frame-pointer -fno-fast-math -g -Wall -Wextra -Wno-unused-parameter -Wno-parentheses -Wno-long-long -Wno-missing-field-initializers -Wunused-variable -Wpointer-arith -Wwrite-strings -Wdeclaration-after-statement -Wimplicit-function-declaration  conftest.c  -L. -LC:/Users/xmr/Desktop/railsinstaller-windows/stage/Ruby2.1.0/lib -LC:/Users/xmr/Desktop/railsinstaller-windows/stage/DevKit/lib -LC:/Users/xmr/Desktop/railsinstaller-windows/stage/DevKit/mingw/lib -LC:/RailsInstaller/Ruby2.1.0/lib -LC:/Users/xmr/Desktop/railsinstaller-windows/stage/Ruby2.1.0/lib -L.       -lmsvcrt-ruby210 -liconv  -lshell32 -lws2_32 -liphlpapi -limagehlp -lshlwapi   "
conftest.c:5:19: fatal error: iconv.h: No such file or directory
compilation terminated.
checked program was:
/* begin */
 1: #include "ruby.h"
 2: 
 3: #include <winsock2.h>
 4: #include <windows.h>
 5: #include <iconv.h>
 6: 
 7: /*top*/
 8: extern int t(void);
 9: int main(int argc, char **argv)
10: {
11:   if (argc > 1000000) {
12:     printf("%p", &t);
13:   }
14: 
15:   return 0;
16: }
17: int t(void) { void ((*volatile p)()); p = (void ((*)()))iconv_open; return 0; }
/* end */

"gcc -o conftest.exe -IC:/Users/xmr/Desktop/railsinstaller-windows/stage/Ruby2.1.0/include/ruby-2.1.0/i386-mingw32 -IC:/Users/xmr/Desktop/railsinstaller-windows/stage/Ruby2.1.0/include/ruby-2.1.0/ruby/backward -IC:/Users/xmr/Desktop/railsinstaller-windows/stage/Ruby2.1.0/include/ruby-2.1.0 -I. -IC:/Users/xmr/Desktop/railsinstaller-windows/stage/DevKit/include -IC:/Users/xmr/Desktop/railsinstaller-windows/stage/DevKit/mingw/include -IC:/RailsInstaller/Ruby2.1.0/include -IC:/Users/xmr/Desktop/railsinstaller-windows/stage/Ruby2.1.0/include -DFD_SETSIZE=2048 -D_WIN32_WINNT=0x0501 -D__MINGW_USE_VC2005_COMPAT -D_FILE_OFFSET_BITS=64   -O3 -fno-omit-frame-pointer -fno-fast-math -g -Wall -Wextra -Wno-unused-parameter -Wno-parentheses -Wno-long-long -Wno-missing-field-initializers -Wunused-variable -Wpointer-arith -Wwrite-strings -Wdeclaration-after-statement -Wimplicit-function-declaration  conftest.c  -L. -LC:/Users/xmr/Desktop/railsinstaller-windows/stage/Ruby2.1.0/lib -LC:/Users/xmr/Desktop/railsinstaller-windows/stage/DevKit/lib -LC:/Users/xmr/Desktop/railsinstaller-windows/stage/DevKit/mingw/lib -LC:/RailsInstaller/Ruby2.1.0/lib -LC:/Users/xmr/Desktop/railsinstaller-windows/stage/Ruby2.1.0/lib -L.       -lmsvcrt-ruby210 -liconv  -lshell32 -lws2_32 -liphlpapi -limagehlp -lshlwapi   "
conftest.c:5:19: fatal error: iconv.h: No such file or directory
compilation terminated.
checked program was:
/* begin */
 1: #include "ruby.h"
 2: 
 3: #include <winsock2.h>
 4: #include <windows.h>
 5: #include <iconv.h>
 6: 
 7: /*top*/
 8: extern int t(void);
 9: int main(int argc, char **argv)
10: {
11:   if (argc > 1000000) {
12:     printf("%p", &t);
13:   }
14: 
15:   return 0;
16: }
17: int t(void) { iconv_open(); return 0; }
/* end */

--------------------

